-------------------------------------------------------------------------------
Test set: libcore.net.http.URLConnectionTest
-------------------------------------------------------------------------------
Tests run: 99, Failures: 0, Errors: 14, Skipped: 0, Time elapsed: 4.816 sec <<< FAILURE!
testConnectViaHttps(libcore.net.http.URLConnectionTest)  Time elapsed: 0.691 sec  <<< ERROR!
java.lang.IllegalStateException: No callback received. Is NPN configured properly?
	at libcore.util.Libcore.getNpnSelectedProtocol(Libcore.java:101)
	at libcore.net.http.HttpConnection.setupSecureSocket(HttpConnection.java:223)
	at libcore.net.http.HttpsURLConnectionImpl$HttpsEngine.makeSslConnection(HttpsURLConnectionImpl.java:471)
	at libcore.net.http.HttpsURLConnectionImpl$HttpsEngine.connect(HttpsURLConnectionImpl.java:431)
	at libcore.net.http.HttpEngine.sendSocketRequest(HttpEngine.java:254)
	at libcore.net.http.HttpEngine.sendRequest(HttpEngine.java:204)
	at libcore.net.http.HttpURLConnectionImpl.connect(HttpURLConnectionImpl.java:85)
	at libcore.net.http.HttpsURLConnectionImpl.connect(HttpsURLConnectionImpl.java:165)
	at libcore.net.http.URLConnectionTest.assertContent(URLConnectionTest.java:1943)
	at libcore.net.http.URLConnectionTest.assertContent(URLConnectionTest.java:1949)
	at libcore.net.http.URLConnectionTest.testConnectViaHttps(URLConnectionTest.java:420)
testConnectViaHttpsReusingConnections(libcore.net.http.URLConnectionTest)  Time elapsed: 0.075 sec  <<< ERROR!
java.lang.IllegalStateException: No callback received. Is NPN configured properly?
	at libcore.util.Libcore.getNpnSelectedProtocol(Libcore.java:101)
	at libcore.net.http.HttpConnection.setupSecureSocket(HttpConnection.java:223)
	at libcore.net.http.HttpsURLConnectionImpl$HttpsEngine.makeSslConnection(HttpsURLConnectionImpl.java:471)
	at libcore.net.http.HttpsURLConnectionImpl$HttpsEngine.connect(HttpsURLConnectionImpl.java:431)
	at libcore.net.http.HttpEngine.sendSocketRequest(HttpEngine.java:254)
	at libcore.net.http.HttpEngine.sendRequest(HttpEngine.java:204)
	at libcore.net.http.HttpURLConnectionImpl.connect(HttpURLConnectionImpl.java:85)
	at libcore.net.http.HttpsURLConnectionImpl.connect(HttpsURLConnectionImpl.java:165)
	at libcore.net.http.URLConnectionTest.assertContent(URLConnectionTest.java:1943)
	at libcore.net.http.URLConnectionTest.assertContent(URLConnectionTest.java:1949)
	at libcore.net.http.URLConnectionTest.testConnectViaHttpsReusingConnections(URLConnectionTest.java:438)
testConnectViaHttpsReusingConnectionsDifferentFactories(libcore.net.http.URLConnectionTest)  Time elapsed: 0.08 sec  <<< ERROR!
java.lang.IllegalStateException: No callback received. Is NPN configured properly?
	at libcore.util.Libcore.getNpnSelectedProtocol(Libcore.java:101)
	at libcore.net.http.HttpConnection.setupSecureSocket(HttpConnection.java:223)
	at libcore.net.http.HttpsURLConnectionImpl$HttpsEngine.makeSslConnection(HttpsURLConnectionImpl.java:471)
	at libcore.net.http.HttpsURLConnectionImpl$HttpsEngine.connect(HttpsURLConnectionImpl.java:431)
	at libcore.net.http.HttpEngine.sendSocketRequest(HttpEngine.java:254)
	at libcore.net.http.HttpEngine.sendRequest(HttpEngine.java:204)
	at libcore.net.http.HttpURLConnectionImpl.connect(HttpURLConnectionImpl.java:85)
	at libcore.net.http.HttpsURLConnectionImpl.connect(HttpsURLConnectionImpl.java:165)
	at libcore.net.http.URLConnectionTest.assertContent(URLConnectionTest.java:1943)
	at libcore.net.http.URLConnectionTest.assertContent(URLConnectionTest.java:1949)
	at libcore.net.http.URLConnectionTest.testConnectViaHttpsReusingConnectionsDifferentFactories(URLConnectionTest.java:460)
testConnectViaHttpProxyToHttpsUsingProxyArgWithNoProxy(libcore.net.http.URLConnectionTest)  Time elapsed: 0.081 sec  <<< ERROR!
java.lang.IllegalStateException: No callback received. Is NPN configured properly?
	at libcore.util.Libcore.getNpnSelectedProtocol(Libcore.java:101)
	at libcore.net.http.HttpConnection.setupSecureSocket(HttpConnection.java:223)
	at libcore.net.http.HttpsURLConnectionImpl$HttpsEngine.makeSslConnection(HttpsURLConnectionImpl.java:471)
	at libcore.net.http.HttpsURLConnectionImpl$HttpsEngine.connect(HttpsURLConnectionImpl.java:431)
	at libcore.net.http.HttpEngine.sendSocketRequest(HttpEngine.java:254)
	at libcore.net.http.HttpEngine.sendRequest(HttpEngine.java:204)
	at libcore.net.http.HttpURLConnectionImpl.connect(HttpURLConnectionImpl.java:85)
	at libcore.net.http.HttpsURLConnectionImpl.connect(HttpsURLConnectionImpl.java:165)
	at libcore.net.http.URLConnectionTest.assertContent(URLConnectionTest.java:1943)
	at libcore.net.http.URLConnectionTest.assertContent(URLConnectionTest.java:1949)
	at libcore.net.http.URLConnectionTest.testConnectViaDirectProxyToHttps(URLConnectionTest.java:581)
	at libcore.net.http.URLConnectionTest.testConnectViaHttpProxyToHttpsUsingProxyArgWithNoProxy(URLConnectionTest.java:563)
testConnectViaHttpProxyToHttpsUsingHttpProxySystemProperty(libcore.net.http.URLConnectionTest)  Time elapsed: 0.079 sec  <<< ERROR!
java.lang.IllegalStateException: No callback received. Is NPN configured properly?
	at libcore.util.Libcore.getNpnSelectedProtocol(Libcore.java:101)
	at libcore.net.http.HttpConnection.setupSecureSocket(HttpConnection.java:223)
	at libcore.net.http.HttpsURLConnectionImpl$HttpsEngine.makeSslConnection(HttpsURLConnectionImpl.java:471)
	at libcore.net.http.HttpsURLConnectionImpl$HttpsEngine.connect(HttpsURLConnectionImpl.java:431)
	at libcore.net.http.HttpEngine.sendSocketRequest(HttpEngine.java:254)
	at libcore.net.http.HttpEngine.sendRequest(HttpEngine.java:204)
	at libcore.net.http.HttpURLConnectionImpl.connect(HttpURLConnectionImpl.java:85)
	at libcore.net.http.HttpsURLConnectionImpl.connect(HttpsURLConnectionImpl.java:165)
	at libcore.net.http.URLConnectionTest.assertContent(URLConnectionTest.java:1943)
	at libcore.net.http.URLConnectionTest.assertContent(URLConnectionTest.java:1949)
	at libcore.net.http.URLConnectionTest.testConnectViaDirectProxyToHttps(URLConnectionTest.java:581)
	at libcore.net.http.URLConnectionTest.testConnectViaHttpProxyToHttpsUsingHttpProxySystemProperty(URLConnectionTest.java:568)
testConnectViaHttpProxyToHttpsUsingProxyArg(libcore.net.http.URLConnectionTest)  Time elapsed: 0.08 sec  <<< ERROR!
java.lang.IllegalStateException: No callback received. Is NPN configured properly?
	at libcore.util.Libcore.getNpnSelectedProtocol(Libcore.java:101)
	at libcore.net.http.HttpConnection.setupSecureSocket(HttpConnection.java:223)
	at libcore.net.http.HttpsURLConnectionImpl$HttpsEngine.makeSslConnection(HttpsURLConnectionImpl.java:471)
	at libcore.net.http.HttpsURLConnectionImpl$HttpsEngine.connect(HttpsURLConnectionImpl.java:431)
	at libcore.net.http.HttpEngine.sendSocketRequest(HttpEngine.java:254)
	at libcore.net.http.HttpEngine.sendRequest(HttpEngine.java:204)
	at libcore.net.http.HttpURLConnectionImpl.connect(HttpURLConnectionImpl.java:85)
	at libcore.net.http.HttpsURLConnectionImpl.connect(HttpsURLConnectionImpl.java:165)
	at libcore.net.http.URLConnectionTest.assertContent(URLConnectionTest.java:1943)
	at libcore.net.http.URLConnectionTest.assertContent(URLConnectionTest.java:1949)
	at libcore.net.http.URLConnectionTest.testConnectViaHttpProxyToHttps(URLConnectionTest.java:622)
	at libcore.net.http.URLConnectionTest.testConnectViaHttpProxyToHttpsUsingProxyArg(URLConnectionTest.java:588)
testConnectViaHttpProxyToHttpsUsingProxySystemProperty(libcore.net.http.URLConnectionTest)  Time elapsed: 0.09 sec  <<< ERROR!
java.lang.IllegalStateException: No callback received. Is NPN configured properly?
	at libcore.util.Libcore.getNpnSelectedProtocol(Libcore.java:101)
	at libcore.net.http.HttpConnection.setupSecureSocket(HttpConnection.java:223)
	at libcore.net.http.HttpsURLConnectionImpl$HttpsEngine.makeSslConnection(HttpsURLConnectionImpl.java:471)
	at libcore.net.http.HttpsURLConnectionImpl$HttpsEngine.connect(HttpsURLConnectionImpl.java:431)
	at libcore.net.http.HttpEngine.sendSocketRequest(HttpEngine.java:254)
	at libcore.net.http.HttpEngine.sendRequest(HttpEngine.java:204)
	at libcore.net.http.HttpURLConnectionImpl.connect(HttpURLConnectionImpl.java:85)
	at libcore.net.http.HttpsURLConnectionImpl.connect(HttpsURLConnectionImpl.java:165)
	at libcore.net.http.URLConnectionTest.assertContent(URLConnectionTest.java:1943)
	at libcore.net.http.URLConnectionTest.assertContent(URLConnectionTest.java:1949)
	at libcore.net.http.URLConnectionTest.testConnectViaHttpProxyToHttps(URLConnectionTest.java:622)
	at libcore.net.http.URLConnectionTest.testConnectViaHttpProxyToHttpsUsingProxySystemProperty(URLConnectionTest.java:596)
testConnectViaHttpProxyToHttpsUsingHttpsProxySystemProperty(libcore.net.http.URLConnectionTest)  Time elapsed: 0.08 sec  <<< ERROR!
java.lang.IllegalStateException: No callback received. Is NPN configured properly?
	at libcore.util.Libcore.getNpnSelectedProtocol(Libcore.java:101)
	at libcore.net.http.HttpConnection.setupSecureSocket(HttpConnection.java:223)
	at libcore.net.http.HttpsURLConnectionImpl$HttpsEngine.makeSslConnection(HttpsURLConnectionImpl.java:471)
	at libcore.net.http.HttpsURLConnectionImpl$HttpsEngine.connect(HttpsURLConnectionImpl.java:431)
	at libcore.net.http.HttpEngine.sendSocketRequest(HttpEngine.java:254)
	at libcore.net.http.HttpEngine.sendRequest(HttpEngine.java:204)
	at libcore.net.http.HttpURLConnectionImpl.connect(HttpURLConnectionImpl.java:85)
	at libcore.net.http.HttpsURLConnectionImpl.connect(HttpsURLConnectionImpl.java:165)
	at libcore.net.http.URLConnectionTest.assertContent(URLConnectionTest.java:1943)
	at libcore.net.http.URLConnectionTest.assertContent(URLConnectionTest.java:1949)
	at libcore.net.http.URLConnectionTest.testConnectViaHttpProxyToHttps(URLConnectionTest.java:622)
	at libcore.net.http.URLConnectionTest.testConnectViaHttpProxyToHttpsUsingHttpsProxySystemProperty(URLConnectionTest.java:600)
testProxyConnectIncludesProxyHeadersOnly(libcore.net.http.URLConnectionTest)  Time elapsed: 0.08 sec  <<< ERROR!
java.lang.IllegalStateException: No callback received. Is NPN configured properly?
	at libcore.util.Libcore.getNpnSelectedProtocol(Libcore.java:101)
	at libcore.net.http.HttpConnection.setupSecureSocket(HttpConnection.java:223)
	at libcore.net.http.HttpsURLConnectionImpl$HttpsEngine.makeSslConnection(HttpsURLConnectionImpl.java:471)
	at libcore.net.http.HttpsURLConnectionImpl$HttpsEngine.connect(HttpsURLConnectionImpl.java:431)
	at libcore.net.http.HttpEngine.sendSocketRequest(HttpEngine.java:254)
	at libcore.net.http.HttpEngine.sendRequest(HttpEngine.java:204)
	at libcore.net.http.HttpURLConnectionImpl.connect(HttpURLConnectionImpl.java:85)
	at libcore.net.http.HttpsURLConnectionImpl.connect(HttpsURLConnectionImpl.java:165)
	at libcore.net.http.URLConnectionTest.assertContent(URLConnectionTest.java:1943)
	at libcore.net.http.URLConnectionTest.assertContent(URLConnectionTest.java:1949)
	at libcore.net.http.URLConnectionTest.testProxyConnectIncludesProxyHeadersOnly(URLConnectionTest.java:657)
testProxyAuthenticateOnConnect(libcore.net.http.URLConnectionTest)  Time elapsed: 0.14 sec  <<< ERROR!
java.lang.IllegalStateException: No callback received. Is NPN configured properly?
	at libcore.util.Libcore.getNpnSelectedProtocol(Libcore.java:101)
	at libcore.net.http.HttpConnection.setupSecureSocket(HttpConnection.java:223)
	at libcore.net.http.HttpsURLConnectionImpl$HttpsEngine.makeSslConnection(HttpsURLConnectionImpl.java:471)
	at libcore.net.http.HttpsURLConnectionImpl$HttpsEngine.connect(HttpsURLConnectionImpl.java:431)
	at libcore.net.http.HttpEngine.sendSocketRequest(HttpEngine.java:254)
	at libcore.net.http.HttpEngine.sendRequest(HttpEngine.java:204)
	at libcore.net.http.HttpURLConnectionImpl.connect(HttpURLConnectionImpl.java:85)
	at libcore.net.http.HttpsURLConnectionImpl.connect(HttpsURLConnectionImpl.java:165)
	at libcore.net.http.URLConnectionTest.assertContent(URLConnectionTest.java:1943)
	at libcore.net.http.URLConnectionTest.assertContent(URLConnectionTest.java:1949)
	at libcore.net.http.URLConnectionTest.testProxyAuthenticateOnConnect(URLConnectionTest.java:688)
testSecureFixedLengthStreaming(libcore.net.http.URLConnectionTest)  Time elapsed: 0.087 sec  <<< ERROR!
java.lang.IllegalStateException: No callback received. Is NPN configured properly?
	at libcore.util.Libcore.getNpnSelectedProtocol(Libcore.java:101)
	at libcore.net.http.HttpConnection.setupSecureSocket(HttpConnection.java:223)
	at libcore.net.http.HttpsURLConnectionImpl$HttpsEngine.makeSslConnection(HttpsURLConnectionImpl.java:471)
	at libcore.net.http.HttpsURLConnectionImpl$HttpsEngine.connect(HttpsURLConnectionImpl.java:431)
	at libcore.net.http.HttpEngine.sendSocketRequest(HttpEngine.java:254)
	at libcore.net.http.HttpEngine.sendRequest(HttpEngine.java:204)
	at libcore.net.http.HttpURLConnectionImpl.connect(HttpURLConnectionImpl.java:85)
	at libcore.net.http.HttpURLConnectionImpl.getOutputStream(HttpURLConnectionImpl.java:193)
	at libcore.net.http.HttpsURLConnectionImpl.getOutputStream(HttpsURLConnectionImpl.java:281)
	at libcore.net.http.URLConnectionTest.testSecureStreamingPost(URLConnectionTest.java:1109)
	at libcore.net.http.URLConnectionTest.testSecureFixedLengthStreaming(URLConnectionTest.java:1083)
testSecureChunkedStreaming(libcore.net.http.URLConnectionTest)  Time elapsed: 0.08 sec  <<< ERROR!
java.lang.IllegalStateException: No callback received. Is NPN configured properly?
	at libcore.util.Libcore.getNpnSelectedProtocol(Libcore.java:101)
	at libcore.net.http.HttpConnection.setupSecureSocket(HttpConnection.java:223)
	at libcore.net.http.HttpsURLConnectionImpl$HttpsEngine.makeSslConnection(HttpsURLConnectionImpl.java:471)
	at libcore.net.http.HttpsURLConnectionImpl$HttpsEngine.connect(HttpsURLConnectionImpl.java:431)
	at libcore.net.http.HttpEngine.sendSocketRequest(HttpEngine.java:254)
	at libcore.net.http.HttpEngine.sendRequest(HttpEngine.java:204)
	at libcore.net.http.HttpURLConnectionImpl.connect(HttpURLConnectionImpl.java:85)
	at libcore.net.http.HttpURLConnectionImpl.getOutputStream(HttpURLConnectionImpl.java:193)
	at libcore.net.http.HttpsURLConnectionImpl.getOutputStream(HttpsURLConnectionImpl.java:281)
	at libcore.net.http.URLConnectionTest.testSecureStreamingPost(URLConnectionTest.java:1109)
	at libcore.net.http.URLConnectionTest.testSecureChunkedStreaming(URLConnectionTest.java:1087)
testRedirectedOnHttps(libcore.net.http.URLConnectionTest)  Time elapsed: 0.087 sec  <<< ERROR!
java.lang.IllegalStateException: No callback received. Is NPN configured properly?
	at libcore.util.Libcore.getNpnSelectedProtocol(Libcore.java:101)
	at libcore.net.http.HttpConnection.setupSecureSocket(HttpConnection.java:223)
	at libcore.net.http.HttpsURLConnectionImpl$HttpsEngine.makeSslConnection(HttpsURLConnectionImpl.java:471)
	at libcore.net.http.HttpsURLConnectionImpl$HttpsEngine.connect(HttpsURLConnectionImpl.java:431)
	at libcore.net.http.HttpEngine.sendSocketRequest(HttpEngine.java:254)
	at libcore.net.http.HttpEngine.sendRequest(HttpEngine.java:204)
	at libcore.net.http.HttpURLConnectionImpl.getResponse(HttpURLConnectionImpl.java:278)
	at libcore.net.http.HttpURLConnectionImpl.getInputStream(HttpURLConnectionImpl.java:173)
	at libcore.net.http.HttpsURLConnectionImpl.getInputStream(HttpsURLConnectionImpl.java:271)
	at libcore.net.http.URLConnectionTest.testRedirectedOnHttps(URLConnectionTest.java:1238)
testNotRedirectedFromHttpsToHttp(libcore.net.http.URLConnectionTest)  Time elapsed: 0.077 sec  <<< ERROR!
java.lang.IllegalStateException: No callback received. Is NPN configured properly?
	at libcore.util.Libcore.getNpnSelectedProtocol(Libcore.java:101)
	at libcore.net.http.HttpConnection.setupSecureSocket(HttpConnection.java:223)
	at libcore.net.http.HttpsURLConnectionImpl$HttpsEngine.makeSslConnection(HttpsURLConnectionImpl.java:471)
	at libcore.net.http.HttpsURLConnectionImpl$HttpsEngine.connect(HttpsURLConnectionImpl.java:431)
	at libcore.net.http.HttpEngine.sendSocketRequest(HttpEngine.java:254)
	at libcore.net.http.HttpEngine.sendRequest(HttpEngine.java:204)
	at libcore.net.http.HttpURLConnectionImpl.getResponse(HttpURLConnectionImpl.java:278)
	at libcore.net.http.HttpURLConnectionImpl.getInputStream(HttpURLConnectionImpl.java:173)
	at libcore.net.http.HttpsURLConnectionImpl.getInputStream(HttpsURLConnectionImpl.java:271)
	at libcore.net.http.URLConnectionTest.testNotRedirectedFromHttpsToHttp(URLConnectionTest.java:1259)
